<?xml version="1.0" encoding="UTF-8"?>
<!-- Generated by org.testng.reporters.JUnitReportReporter -->
<testsuite hostname="MT-PF15UVJT" failures="0" tests="1" name="Runner.BounceBuy7" time="20.666" errors="0" timestamp="2022-07-29T17:06:39 GMT+05:30" skipped="0">
  <testcase classname="Runner.BounceBuy7" name="HoverElement" time="20.666"/>
  <system-out/>
</testsuite> <!-- Runner.BounceBuy7 -->
