<?xml version="1.0" encoding="UTF-8"?>
<!-- Generated by org.testng.reporters.JUnitReportReporter -->
<testsuite hostname="MT-PF15UVJT" failures="0" tests="1" name="Runner.AmainRunnerClass" time="98.115" errors="0" timestamp="2022-07-30T14:03:41 GMT+05:30" skipped="0">
  <testcase classname="Runner.AmainRunnerClass" name="HoverElement" time="98.115"/>
  <system-out/>
</testsuite> <!-- Runner.AmainRunnerClass -->
