<?xml version="1.0" encoding="UTF-8"?>
<!-- Generated by org.testng.reporters.JUnitReportReporter -->
<testsuite hostname="MT-PF15UVJT" failures="0" tests="1" name="Runner.ShopProducts" time="25.312" errors="0" timestamp="2022-07-29T19:30:40 GMT+05:30" skipped="0">
  <testcase classname="Runner.ShopProducts" name="shop" time="25.312"/>
  <system-out/>
</testsuite> <!-- Runner.ShopProducts -->
