<?xml version="1.0" encoding="UTF-8"?>
<!-- Generated by org.testng.reporters.JUnitReportReporter -->
<testsuite hostname="MT-PF15UVJT" failures="0" tests="1" name="Runner.AmainRunnerClass" time="137.242" errors="0" timestamp="2022-08-01T00:16:20 GMT+05:30" skipped="0">
  <testcase classname="Runner.AmainRunnerClass" name="HoverElement" time="137.242"/>
  <system-out/>
</testsuite> <!-- Runner.AmainRunnerClass -->
