<?xml version="1.0" encoding="UTF-8"?>
<!-- Generated by org.testng.reporters.JUnitReportReporter -->
<testsuite hostname="MT-PF15UVJT" failures="0" tests="1" name="Runner.AutomotiveHover" time="20.260" errors="0" timestamp="2022-07-29T17:59:45 GMT+05:30" skipped="0">
  <testcase classname="Runner.AutomotiveHover" name="HoverElement" time="20.260"/>
  <system-out/>
</testsuite> <!-- Runner.AutomotiveHover -->
